<?xml version="1.0" encoding="UTF-8"?>
<!-- Generated by org.testng.reporters.JUnitXMLReporter -->
<testsuite ignored="0" hostname="LAPTOP-0HSGMNA0" failures="3" tests="29" name="Resgression Testing" time="184.566" errors="0" timestamp="2021-04-03T17:35:58 IST">
  <testcase classname="automation.testing.AutomatedTests" name="TC_01" time="1.26"/>
  <testcase classname="automation.testing.AutomatedTests" name="TC_02" time="3.661"/>
  <testcase classname="automation.testing.AutomatedTests" name="TC_03" time="4.933"/>
  <testcase classname="automation.testing.AutomatedTests" name="TC_04" time="5.631"/>
  <testcase classname="automation.testing.AutomatedTests" name="TC_05" time="5.378"/>
  <testcase classname="automation.testing.AutomatedTests" name="TC_06" time="7.415"/>
  <testcase classname="automation.testing.AutomatedTests" name="TC_07" time="6.29"/>
  <testcase classname="automation.testing.AutomatedTests" name="TC_08" time="6.9"/>
  <testcase classname="automation.testing.AutomatedTests" name="TC_09" time="4.966"/>
  <testcase classname="automation.testing.AutomatedTests" name="TC_10" time="5.052"/>
  <testcase classname="automation.testing.AutomatedTests" name="TC_11" time="2.336"/>
  <testcase classname="automation.testing.AutomatedTests" name="TC_12" time="1.887"/>
  <testcase classname="automation.testing.AutomatedTests" name="TC_13" time="5.28"/>
  <testcase classname="automation.testing.AutomatedTests" name="TC_14" time="5.014"/>
  <testcase classname="automation.testing.AutomatedTests" name="TC_15" time="5.947"/>
  <testcase classname="automation.testing.AutomatedTests" name="TC_16" time="12.595"/>
  <testcase classname="automation.testing.AutomatedTests" name="TC_17" time="5.609"/>
  <testcase classname="automation.testing.AutomatedTests" name="TC_18" time="11.497"/>
  <testcase classname="automation.testing.AutomatedTests" name="TC_19" time="11.462"/>
  <testcase classname="automation.testing.AutomatedTests" name="TC_20" time="7.349"/>
  <testcase classname="automation.testing.AutomatedTests" name="TC_21" time="7.034"/>
  <testcase classname="automation.testing.AutomatedTests" name="TC_22" time="7.521"/>
  <testcase classname="automation.testing.AutomatedTests" name="TC_23" time="7.874"/>
  <testcase classname="automation.testing.AutomatedTests" name="TC_24" time="6.399"/>
  <testcase classname="automation.testing.AutomatedTests" name="TC_25" time="6.364">
    <failure type="java.lang.AssertionError" message="The following asserts failed:
	The user didn&amp;apos;t get any error message for filling invalid &amp;quot;Recipient&amp;apos;s Email&amp;quot; expected [true] but found [false]">
      <![CDATA[java.lang.AssertionError: The following asserts failed:
The user didn't get any error message for filling invalid "Recipient's Email" expected [true] but found [false]
at automation.testing.TestScripts.tc_25_InvalidRecipientEmail(TestScripts.java:813)
at automation.testing.AutomatedTests.TC_25(AutomatedTests.java:164)
at java.base/java.util.ArrayList.forEach(ArrayList.java:1541)
... Removed 29 stack frames]]>
    </failure>
  </testcase> <!-- TC_25 -->
  <testcase classname="automation.testing.AutomatedTests" name="TC_26" time="7.475"/>
  <testcase classname="automation.testing.AutomatedTests" name="TC_27" time="8.289"/>
  <testcase classname="automation.testing.AutomatedTests" name="TC_28" time="5.903">
    <failure type="java.lang.AssertionError" message="The following asserts failed:
	The user didn&amp;apos;t get any error message for filling invalid &amp;quot;Recipient&amp;apos;s Name&amp;quot; expected [true] but found [false]">
      <![CDATA[java.lang.AssertionError: The following asserts failed:
The user didn't get any error message for filling invalid "Recipient's Name" expected [true] but found [false]
at automation.testing.TestScripts.tc_28_InvalidRecipientName(TestScripts.java:977)
at automation.testing.AutomatedTests.TC_28(AutomatedTests.java:179)
at java.base/java.util.ArrayList.forEach(ArrayList.java:1541)
... Removed 29 stack frames]]>
    </failure>
  </testcase> <!-- TC_28 -->
  <testcase classname="automation.testing.AutomatedTests" name="TC_29" time="7.108">
    <failure type="java.lang.AssertionError" message="The following asserts failed:
	The user didn&amp;apos;t get any error message for filling invalid &amp;quot;Your Name&amp;quot; expected [true] but found [false]">
      <![CDATA[java.lang.AssertionError: The following asserts failed:
The user didn't get any error message for filling invalid "Your Name" expected [true] but found [false]
at automation.testing.TestScripts.tc_29_InvalidYourName(TestScripts.java:1032)
at automation.testing.AutomatedTests.TC_29(AutomatedTests.java:184)
at java.base/java.util.ArrayList.forEach(ArrayList.java:1541)
... Removed 29 stack frames]]>
    </failure>
  </testcase> <!-- TC_29 -->
</testsuite> <!-- Resgression Testing -->
