<?xml version="1.0" encoding="UTF-8"?>
<testng-results ignored="24" total="58" passed="31" failed="3" skipped="0">
  <reporter-output>
  </reporter-output>
  <suite started-at="2021-04-03T17:32:54 IST" name="Suite" finished-at="2021-04-03T17:36:28 IST" duration-ms="213685">
    <groups>
      <group name="Smoke Suite">
        <method signature="AutomatedTests.TC_03()[pri:2, instance:automation.testing.AutomatedTests@26275bef]" name="TC_03" class="automation.testing.AutomatedTests"/>
        <method signature="AutomatedTests.TC_09()[pri:8, instance:automation.testing.AutomatedTests@26275bef]" name="TC_09" class="automation.testing.AutomatedTests"/>
        <method signature="AutomatedTests.TC_11()[pri:10, instance:automation.testing.AutomatedTests@26275bef]" name="TC_11" class="automation.testing.AutomatedTests"/>
        <method signature="AutomatedTests.TC_14()[pri:13, instance:automation.testing.AutomatedTests@26275bef]" name="TC_14" class="automation.testing.AutomatedTests"/>
        <method signature="AutomatedTests.TC_18()[pri:17, instance:automation.testing.AutomatedTests@26275bef]" name="TC_18" class="automation.testing.AutomatedTests"/>
        <method signature="AutomatedTests.TC_03()[pri:2, instance:automation.testing.AutomatedTests@693fe6c9]" name="TC_03" class="automation.testing.AutomatedTests"/>
        <method signature="AutomatedTests.TC_09()[pri:8, instance:automation.testing.AutomatedTests@693fe6c9]" name="TC_09" class="automation.testing.AutomatedTests"/>
        <method signature="AutomatedTests.TC_11()[pri:10, instance:automation.testing.AutomatedTests@693fe6c9]" name="TC_11" class="automation.testing.AutomatedTests"/>
        <method signature="AutomatedTests.TC_14()[pri:13, instance:automation.testing.AutomatedTests@693fe6c9]" name="TC_14" class="automation.testing.AutomatedTests"/>
        <method signature="AutomatedTests.TC_18()[pri:17, instance:automation.testing.AutomatedTests@693fe6c9]" name="TC_18" class="automation.testing.AutomatedTests"/>
      </group> <!-- Smoke Suite -->
      <group name="Regression Suite">
        <method signature="AutomatedTests.TC_01()[pri:0, instance:automation.testing.AutomatedTests@26275bef]" name="TC_01" class="automation.testing.AutomatedTests"/>
        <method signature="AutomatedTests.TC_02()[pri:1, instance:automation.testing.AutomatedTests@26275bef]" name="TC_02" class="automation.testing.AutomatedTests"/>
        <method signature="AutomatedTests.TC_03()[pri:2, instance:automation.testing.AutomatedTests@26275bef]" name="TC_03" class="automation.testing.AutomatedTests"/>
        <method signature="AutomatedTests.TC_04()[pri:3, instance:automation.testing.AutomatedTests@26275bef]" name="TC_04" class="automation.testing.AutomatedTests"/>
        <method signature="AutomatedTests.TC_05()[pri:4, instance:automation.testing.AutomatedTests@26275bef]" name="TC_05" class="automation.testing.AutomatedTests"/>
        <method signature="AutomatedTests.TC_06()[pri:5, instance:automation.testing.AutomatedTests@26275bef]" name="TC_06" class="automation.testing.AutomatedTests"/>
        <method signature="AutomatedTests.TC_07()[pri:6, instance:automation.testing.AutomatedTests@26275bef]" name="TC_07" class="automation.testing.AutomatedTests"/>
        <method signature="AutomatedTests.TC_08()[pri:7, instance:automation.testing.AutomatedTests@26275bef]" name="TC_08" class="automation.testing.AutomatedTests"/>
        <method signature="AutomatedTests.TC_09()[pri:8, instance:automation.testing.AutomatedTests@26275bef]" name="TC_09" class="automation.testing.AutomatedTests"/>
        <method signature="AutomatedTests.TC_10()[pri:9, instance:automation.testing.AutomatedTests@26275bef]" name="TC_10" class="automation.testing.AutomatedTests"/>
        <method signature="AutomatedTests.TC_11()[pri:10, instance:automation.testing.AutomatedTests@26275bef]" name="TC_11" class="automation.testing.AutomatedTests"/>
        <method signature="AutomatedTests.TC_12()[pri:11, instance:automation.testing.AutomatedTests@26275bef]" name="TC_12" class="automation.testing.AutomatedTests"/>
        <method signature="AutomatedTests.TC_13()[pri:12, instance:automation.testing.AutomatedTests@26275bef]" name="TC_13" class="automation.testing.AutomatedTests"/>
        <method signature="AutomatedTests.TC_14()[pri:13, instance:automation.testing.AutomatedTests@26275bef]" name="TC_14" class="automation.testing.AutomatedTests"/>
        <method signature="AutomatedTests.TC_15()[pri:14, instance:automation.testing.AutomatedTests@26275bef]" name="TC_15" class="automation.testing.AutomatedTests"/>
        <method signature="AutomatedTests.TC_16()[pri:15, instance:automation.testing.AutomatedTests@26275bef]" name="TC_16" class="automation.testing.AutomatedTests"/>
        <method signature="AutomatedTests.TC_17()[pri:16, instance:automation.testing.AutomatedTests@26275bef]" name="TC_17" class="automation.testing.AutomatedTests"/>
        <method signature="AutomatedTests.TC_18()[pri:17, instance:automation.testing.AutomatedTests@26275bef]" name="TC_18" class="automation.testing.AutomatedTests"/>
        <method signature="AutomatedTests.TC_19()[pri:18, instance:automation.testing.AutomatedTests@26275bef]" name="TC_19" class="automation.testing.AutomatedTests"/>
        <method signature="AutomatedTests.TC_20()[pri:20, instance:automation.testing.AutomatedTests@26275bef]" name="TC_20" class="automation.testing.AutomatedTests"/>
        <method signature="AutomatedTests.TC_21()[pri:21, instance:automation.testing.AutomatedTests@26275bef]" name="TC_21" class="automation.testing.AutomatedTests"/>
        <method signature="AutomatedTests.TC_22()[pri:22, instance:automation.testing.AutomatedTests@26275bef]" name="TC_22" class="automation.testing.AutomatedTests"/>
        <method signature="AutomatedTests.TC_23()[pri:23, instance:automation.testing.AutomatedTests@26275bef]" name="TC_23" class="automation.testing.AutomatedTests"/>
        <method signature="AutomatedTests.TC_24()[pri:24, instance:automation.testing.AutomatedTests@26275bef]" name="TC_24" class="automation.testing.AutomatedTests"/>
        <method signature="AutomatedTests.TC_25()[pri:25, instance:automation.testing.AutomatedTests@26275bef]" name="TC_25" class="automation.testing.AutomatedTests"/>
        <method signature="AutomatedTests.TC_26()[pri:26, instance:automation.testing.AutomatedTests@26275bef]" name="TC_26" class="automation.testing.AutomatedTests"/>
        <method signature="AutomatedTests.TC_27()[pri:27, instance:automation.testing.AutomatedTests@26275bef]" name="TC_27" class="automation.testing.AutomatedTests"/>
        <method signature="AutomatedTests.TC_28()[pri:28, instance:automation.testing.AutomatedTests@26275bef]" name="TC_28" class="automation.testing.AutomatedTests"/>
        <method signature="AutomatedTests.TC_29()[pri:29, instance:automation.testing.AutomatedTests@26275bef]" name="TC_29" class="automation.testing.AutomatedTests"/>
        <method signature="AutomatedTests.TC_03()[pri:2, instance:automation.testing.AutomatedTests@693fe6c9]" name="TC_03" class="automation.testing.AutomatedTests"/>
        <method signature="AutomatedTests.TC_09()[pri:8, instance:automation.testing.AutomatedTests@693fe6c9]" name="TC_09" class="automation.testing.AutomatedTests"/>
        <method signature="AutomatedTests.TC_11()[pri:10, instance:automation.testing.AutomatedTests@693fe6c9]" name="TC_11" class="automation.testing.AutomatedTests"/>
        <method signature="AutomatedTests.TC_14()[pri:13, instance:automation.testing.AutomatedTests@693fe6c9]" name="TC_14" class="automation.testing.AutomatedTests"/>
        <method signature="AutomatedTests.TC_18()[pri:17, instance:automation.testing.AutomatedTests@693fe6c9]" name="TC_18" class="automation.testing.AutomatedTests"/>
      </group> <!-- Regression Suite -->
    </groups>
    <test started-at="2021-04-03T17:32:54 IST" name="Resgression Testing" finished-at="2021-04-03T17:35:58 IST" duration-ms="184566">
      <class name="automation.testing.AutomatedTests">
        <test-method signature="TC_01()[pri:0, instance:automation.testing.AutomatedTests@26275bef]" started-at="2021-04-03T17:32:54 IST" name="TC_01" finished-at="2021-04-03T17:32:55 IST" duration-ms="1260" status="PASS">
          <reporter-output>
          </reporter-output>
        </test-method> <!-- TC_01 -->
        <test-method signature="TC_02()[pri:1, instance:automation.testing.AutomatedTests@26275bef]" started-at="2021-04-03T17:32:55 IST" name="TC_02" finished-at="2021-04-03T17:32:59 IST" duration-ms="3661" status="PASS">
          <reporter-output>
          </reporter-output>
        </test-method> <!-- TC_02 -->
        <test-method signature="TC_03()[pri:2, instance:automation.testing.AutomatedTests@26275bef]" started-at="2021-04-03T17:32:59 IST" name="TC_03" finished-at="2021-04-03T17:33:04 IST" duration-ms="4933" status="PASS">
          <reporter-output>
          </reporter-output>
        </test-method> <!-- TC_03 -->
        <test-method signature="TC_04()[pri:3, instance:automation.testing.AutomatedTests@26275bef]" started-at="2021-04-03T17:33:04 IST" name="TC_04" finished-at="2021-04-03T17:33:09 IST" duration-ms="5631" status="PASS">
          <reporter-output>
          </reporter-output>
        </test-method> <!-- TC_04 -->
        <test-method signature="TC_05()[pri:4, instance:automation.testing.AutomatedTests@26275bef]" started-at="2021-04-03T17:33:09 IST" name="TC_05" finished-at="2021-04-03T17:33:15 IST" duration-ms="5378" status="PASS">
          <reporter-output>
          </reporter-output>
        </test-method> <!-- TC_05 -->
        <test-method signature="TC_06()[pri:5, instance:automation.testing.AutomatedTests@26275bef]" started-at="2021-04-03T17:33:15 IST" name="TC_06" finished-at="2021-04-03T17:33:22 IST" duration-ms="7415" status="PASS">
          <reporter-output>
          </reporter-output>
        </test-method> <!-- TC_06 -->
        <test-method signature="TC_07()[pri:6, instance:automation.testing.AutomatedTests@26275bef]" started-at="2021-04-03T17:33:22 IST" name="TC_07" finished-at="2021-04-03T17:33:28 IST" duration-ms="6290" status="PASS">
          <reporter-output>
          </reporter-output>
        </test-method> <!-- TC_07 -->
        <test-method signature="TC_08()[pri:7, instance:automation.testing.AutomatedTests@26275bef]" started-at="2021-04-03T17:33:28 IST" name="TC_08" finished-at="2021-04-03T17:33:35 IST" duration-ms="6900" status="PASS">
          <reporter-output>
          </reporter-output>
        </test-method> <!-- TC_08 -->
        <test-method signature="TC_09()[pri:8, instance:automation.testing.AutomatedTests@26275bef]" started-at="2021-04-03T17:33:35 IST" name="TC_09" finished-at="2021-04-03T17:33:40 IST" duration-ms="4966" status="PASS">
          <reporter-output>
          </reporter-output>
        </test-method> <!-- TC_09 -->
        <test-method signature="TC_10()[pri:9, instance:automation.testing.AutomatedTests@26275bef]" started-at="2021-04-03T17:33:40 IST" name="TC_10" finished-at="2021-04-03T17:33:45 IST" duration-ms="5052" status="PASS">
          <reporter-output>
          </reporter-output>
        </test-method> <!-- TC_10 -->
        <test-method signature="TC_11()[pri:10, instance:automation.testing.AutomatedTests@26275bef]" started-at="2021-04-03T17:33:45 IST" name="TC_11" finished-at="2021-04-03T17:33:48 IST" duration-ms="2336" status="PASS">
          <reporter-output>
          </reporter-output>
        </test-method> <!-- TC_11 -->
        <test-method signature="TC_12()[pri:11, instance:automation.testing.AutomatedTests@26275bef]" started-at="2021-04-03T17:33:48 IST" name="TC_12" finished-at="2021-04-03T17:33:50 IST" duration-ms="1887" status="PASS">
          <reporter-output>
          </reporter-output>
        </test-method> <!-- TC_12 -->
        <test-method signature="TC_13()[pri:12, instance:automation.testing.AutomatedTests@26275bef]" started-at="2021-04-03T17:33:50 IST" name="TC_13" finished-at="2021-04-03T17:33:55 IST" duration-ms="5280" status="PASS">
          <reporter-output>
          </reporter-output>
        </test-method> <!-- TC_13 -->
        <test-method signature="TC_14()[pri:13, instance:automation.testing.AutomatedTests@26275bef]" started-at="2021-04-03T17:33:55 IST" name="TC_14" finished-at="2021-04-03T17:34:00 IST" duration-ms="5014" status="PASS">
          <reporter-output>
          </reporter-output>
        </test-method> <!-- TC_14 -->
        <test-method signature="TC_15()[pri:14, instance:automation.testing.AutomatedTests@26275bef]" started-at="2021-04-03T17:34:00 IST" name="TC_15" finished-at="2021-04-03T17:34:06 IST" duration-ms="5947" status="PASS">
          <reporter-output>
          </reporter-output>
        </test-method> <!-- TC_15 -->
        <test-method signature="TC_16()[pri:15, instance:automation.testing.AutomatedTests@26275bef]" started-at="2021-04-03T17:34:06 IST" name="TC_16" finished-at="2021-04-03T17:34:18 IST" duration-ms="12595" status="PASS">
          <reporter-output>
          </reporter-output>
        </test-method> <!-- TC_16 -->
        <test-method signature="TC_17()[pri:16, instance:automation.testing.AutomatedTests@26275bef]" started-at="2021-04-03T17:34:18 IST" name="TC_17" finished-at="2021-04-03T17:34:24 IST" duration-ms="5609" status="PASS">
          <reporter-output>
          </reporter-output>
        </test-method> <!-- TC_17 -->
        <test-method signature="TC_18()[pri:17, instance:automation.testing.AutomatedTests@26275bef]" started-at="2021-04-03T17:34:24 IST" name="TC_18" finished-at="2021-04-03T17:34:36 IST" duration-ms="11497" status="PASS">
          <reporter-output>
          </reporter-output>
        </test-method> <!-- TC_18 -->
        <test-method signature="TC_19()[pri:18, instance:automation.testing.AutomatedTests@26275bef]" started-at="2021-04-03T17:34:36 IST" name="TC_19" finished-at="2021-04-03T17:34:47 IST" duration-ms="11462" status="PASS">
          <reporter-output>
          </reporter-output>
        </test-method> <!-- TC_19 -->
        <test-method signature="TC_20()[pri:20, instance:automation.testing.AutomatedTests@26275bef]" started-at="2021-04-03T17:34:47 IST" name="TC_20" finished-at="2021-04-03T17:34:54 IST" duration-ms="7349" status="PASS">
          <reporter-output>
          </reporter-output>
        </test-method> <!-- TC_20 -->
        <test-method signature="TC_21()[pri:21, instance:automation.testing.AutomatedTests@26275bef]" started-at="2021-04-03T17:34:54 IST" name="TC_21" finished-at="2021-04-03T17:35:01 IST" duration-ms="7034" status="PASS">
          <reporter-output>
          </reporter-output>
        </test-method> <!-- TC_21 -->
        <test-method signature="TC_22()[pri:22, instance:automation.testing.AutomatedTests@26275bef]" started-at="2021-04-03T17:35:01 IST" name="TC_22" finished-at="2021-04-03T17:35:09 IST" duration-ms="7521" status="PASS">
          <reporter-output>
          </reporter-output>
        </test-method> <!-- TC_22 -->
        <test-method signature="TC_23()[pri:23, instance:automation.testing.AutomatedTests@26275bef]" started-at="2021-04-03T17:35:09 IST" name="TC_23" finished-at="2021-04-03T17:35:17 IST" duration-ms="7874" status="PASS">
          <reporter-output>
          </reporter-output>
        </test-method> <!-- TC_23 -->
        <test-method signature="TC_24()[pri:24, instance:automation.testing.AutomatedTests@26275bef]" started-at="2021-04-03T17:35:17 IST" name="TC_24" finished-at="2021-04-03T17:35:23 IST" duration-ms="6399" status="PASS">
          <reporter-output>
          </reporter-output>
        </test-method> <!-- TC_24 -->
        <test-method signature="TC_25()[pri:25, instance:automation.testing.AutomatedTests@26275bef]" started-at="2021-04-03T17:35:23 IST" name="TC_25" finished-at="2021-04-03T17:35:30 IST" duration-ms="6364" status="FAIL">
          <exception class="java.lang.AssertionError">
            <message>
              <![CDATA[The following asserts failed:
The user didn't get any error message for filling invalid "Recipient's Email" expected [true] but found [false]]]>
            </message>
            <full-stacktrace>
              <![CDATA[java.lang.AssertionError: The following asserts failed:
The user didn't get any error message for filling invalid "Recipient's Email" expected [true] but found [false]
at org.testng.asserts.SoftAssert.assertAll(SoftAssert.java:47)
at org.testng.asserts.SoftAssert.assertAll(SoftAssert.java:31)
at automation.testing.TestScripts.tc_25_InvalidRecipientEmail(TestScripts.java:813)
at automation.testing.AutomatedTests.TC_25(AutomatedTests.java:164)
at java.base/jdk.internal.reflect.NativeMethodAccessorImpl.invoke0(Native Method)
at java.base/jdk.internal.reflect.NativeMethodAccessorImpl.invoke(NativeMethodAccessorImpl.java:62)
at java.base/jdk.internal.reflect.DelegatingMethodAccessorImpl.invoke(DelegatingMethodAccessorImpl.java:43)
at java.base/java.lang.reflect.Method.invoke(Method.java:566)
at org.testng.internal.MethodInvocationHelper.invokeMethod(MethodInvocationHelper.java:132)
at org.testng.internal.TestInvoker.invokeMethod(TestInvoker.java:599)
at org.testng.internal.TestInvoker.invokeTestMethod(TestInvoker.java:174)
at org.testng.internal.MethodRunner.runInSequence(MethodRunner.java:46)
at org.testng.internal.TestInvoker$MethodInvocationAgent.invoke(TestInvoker.java:822)
at org.testng.internal.TestInvoker.invokeTestMethods(TestInvoker.java:147)
at org.testng.internal.TestMethodWorker.invokeTestMethods(TestMethodWorker.java:146)
at org.testng.internal.TestMethodWorker.run(TestMethodWorker.java:128)
at java.base/java.util.ArrayList.forEach(ArrayList.java:1541)
at org.testng.TestRunner.privateRun(TestRunner.java:764)
at org.testng.TestRunner.run(TestRunner.java:585)
at org.testng.SuiteRunner.runTest(SuiteRunner.java:384)
at org.testng.SuiteRunner.runSequentially(SuiteRunner.java:378)
at org.testng.SuiteRunner.privateRun(SuiteRunner.java:337)
at org.testng.SuiteRunner.run(SuiteRunner.java:286)
at org.testng.SuiteRunnerWorker.runSuite(SuiteRunnerWorker.java:53)
at org.testng.SuiteRunnerWorker.run(SuiteRunnerWorker.java:96)
at org.testng.TestNG.runSuitesSequentially(TestNG.java:1218)
at org.testng.TestNG.runSuitesLocally(TestNG.java:1140)
at org.testng.TestNG.runSuites(TestNG.java:1069)
at org.testng.TestNG.run(TestNG.java:1037)
at org.testng.remote.AbstractRemoteTestNG.run(AbstractRemoteTestNG.java:115)
at org.testng.remote.RemoteTestNG.initAndRun(RemoteTestNG.java:251)
at org.testng.remote.RemoteTestNG.main(RemoteTestNG.java:77)
]]>
            </full-stacktrace>
          </exception> <!-- java.lang.AssertionError -->
          <reporter-output>
          </reporter-output>
        </test-method> <!-- TC_25 -->
        <test-method signature="TC_26()[pri:26, instance:automation.testing.AutomatedTests@26275bef]" started-at="2021-04-03T17:35:30 IST" name="TC_26" finished-at="2021-04-03T17:35:37 IST" duration-ms="7475" status="PASS">
          <reporter-output>
          </reporter-output>
        </test-method> <!-- TC_26 -->
        <test-method signature="TC_27()[pri:27, instance:automation.testing.AutomatedTests@26275bef]" started-at="2021-04-03T17:35:37 IST" name="TC_27" finished-at="2021-04-03T17:35:45 IST" duration-ms="8289" status="PASS">
          <reporter-output>
          </reporter-output>
        </test-method> <!-- TC_27 -->
        <test-method signature="TC_28()[pri:28, instance:automation.testing.AutomatedTests@26275bef]" started-at="2021-04-03T17:35:45 IST" name="TC_28" finished-at="2021-04-03T17:35:51 IST" duration-ms="5903" status="FAIL">
          <exception class="java.lang.AssertionError">
            <message>
              <![CDATA[The following asserts failed:
The user didn't get any error message for filling invalid "Recipient's Name" expected [true] but found [false]]]>
            </message>
            <full-stacktrace>
              <![CDATA[java.lang.AssertionError: The following asserts failed:
The user didn't get any error message for filling invalid "Recipient's Name" expected [true] but found [false]
at org.testng.asserts.SoftAssert.assertAll(SoftAssert.java:47)
at org.testng.asserts.SoftAssert.assertAll(SoftAssert.java:31)
at automation.testing.TestScripts.tc_28_InvalidRecipientName(TestScripts.java:977)
at automation.testing.AutomatedTests.TC_28(AutomatedTests.java:179)
at java.base/jdk.internal.reflect.NativeMethodAccessorImpl.invoke0(Native Method)
at java.base/jdk.internal.reflect.NativeMethodAccessorImpl.invoke(NativeMethodAccessorImpl.java:62)
at java.base/jdk.internal.reflect.DelegatingMethodAccessorImpl.invoke(DelegatingMethodAccessorImpl.java:43)
at java.base/java.lang.reflect.Method.invoke(Method.java:566)
at org.testng.internal.MethodInvocationHelper.invokeMethod(MethodInvocationHelper.java:132)
at org.testng.internal.TestInvoker.invokeMethod(TestInvoker.java:599)
at org.testng.internal.TestInvoker.invokeTestMethod(TestInvoker.java:174)
at org.testng.internal.MethodRunner.runInSequence(MethodRunner.java:46)
at org.testng.internal.TestInvoker$MethodInvocationAgent.invoke(TestInvoker.java:822)
at org.testng.internal.TestInvoker.invokeTestMethods(TestInvoker.java:147)
at org.testng.internal.TestMethodWorker.invokeTestMethods(TestMethodWorker.java:146)
at org.testng.internal.TestMethodWorker.run(TestMethodWorker.java:128)
at java.base/java.util.ArrayList.forEach(ArrayList.java:1541)
at org.testng.TestRunner.privateRun(TestRunner.java:764)
at org.testng.TestRunner.run(TestRunner.java:585)
at org.testng.SuiteRunner.runTest(SuiteRunner.java:384)
at org.testng.SuiteRunner.runSequentially(SuiteRunner.java:378)
at org.testng.SuiteRunner.privateRun(SuiteRunner.java:337)
at org.testng.SuiteRunner.run(SuiteRunner.java:286)
at org.testng.SuiteRunnerWorker.runSuite(SuiteRunnerWorker.java:53)
at org.testng.SuiteRunnerWorker.run(SuiteRunnerWorker.java:96)
at org.testng.TestNG.runSuitesSequentially(TestNG.java:1218)
at org.testng.TestNG.runSuitesLocally(TestNG.java:1140)
at org.testng.TestNG.runSuites(TestNG.java:1069)
at org.testng.TestNG.run(TestNG.java:1037)
at org.testng.remote.AbstractRemoteTestNG.run(AbstractRemoteTestNG.java:115)
at org.testng.remote.RemoteTestNG.initAndRun(RemoteTestNG.java:251)
at org.testng.remote.RemoteTestNG.main(RemoteTestNG.java:77)
]]>
            </full-stacktrace>
          </exception> <!-- java.lang.AssertionError -->
          <reporter-output>
          </reporter-output>
        </test-method> <!-- TC_28 -->
        <test-method signature="TC_29()[pri:29, instance:automation.testing.AutomatedTests@26275bef]" started-at="2021-04-03T17:35:51 IST" name="TC_29" finished-at="2021-04-03T17:35:58 IST" duration-ms="7108" status="FAIL">
          <exception class="java.lang.AssertionError">
            <message>
              <![CDATA[The following asserts failed:
The user didn't get any error message for filling invalid "Your Name" expected [true] but found [false]]]>
            </message>
            <full-stacktrace>
              <![CDATA[java.lang.AssertionError: The following asserts failed:
The user didn't get any error message for filling invalid "Your Name" expected [true] but found [false]
at org.testng.asserts.SoftAssert.assertAll(SoftAssert.java:47)
at org.testng.asserts.SoftAssert.assertAll(SoftAssert.java:31)
at automation.testing.TestScripts.tc_29_InvalidYourName(TestScripts.java:1032)
at automation.testing.AutomatedTests.TC_29(AutomatedTests.java:184)
at java.base/jdk.internal.reflect.NativeMethodAccessorImpl.invoke0(Native Method)
at java.base/jdk.internal.reflect.NativeMethodAccessorImpl.invoke(NativeMethodAccessorImpl.java:62)
at java.base/jdk.internal.reflect.DelegatingMethodAccessorImpl.invoke(DelegatingMethodAccessorImpl.java:43)
at java.base/java.lang.reflect.Method.invoke(Method.java:566)
at org.testng.internal.MethodInvocationHelper.invokeMethod(MethodInvocationHelper.java:132)
at org.testng.internal.TestInvoker.invokeMethod(TestInvoker.java:599)
at org.testng.internal.TestInvoker.invokeTestMethod(TestInvoker.java:174)
at org.testng.internal.MethodRunner.runInSequence(MethodRunner.java:46)
at org.testng.internal.TestInvoker$MethodInvocationAgent.invoke(TestInvoker.java:822)
at org.testng.internal.TestInvoker.invokeTestMethods(TestInvoker.java:147)
at org.testng.internal.TestMethodWorker.invokeTestMethods(TestMethodWorker.java:146)
at org.testng.internal.TestMethodWorker.run(TestMethodWorker.java:128)
at java.base/java.util.ArrayList.forEach(ArrayList.java:1541)
at org.testng.TestRunner.privateRun(TestRunner.java:764)
at org.testng.TestRunner.run(TestRunner.java:585)
at org.testng.SuiteRunner.runTest(SuiteRunner.java:384)
at org.testng.SuiteRunner.runSequentially(SuiteRunner.java:378)
at org.testng.SuiteRunner.privateRun(SuiteRunner.java:337)
at org.testng.SuiteRunner.run(SuiteRunner.java:286)
at org.testng.SuiteRunnerWorker.runSuite(SuiteRunnerWorker.java:53)
at org.testng.SuiteRunnerWorker.run(SuiteRunnerWorker.java:96)
at org.testng.TestNG.runSuitesSequentially(TestNG.java:1218)
at org.testng.TestNG.runSuitesLocally(TestNG.java:1140)
at org.testng.TestNG.runSuites(TestNG.java:1069)
at org.testng.TestNG.run(TestNG.java:1037)
at org.testng.remote.AbstractRemoteTestNG.run(AbstractRemoteTestNG.java:115)
at org.testng.remote.RemoteTestNG.initAndRun(RemoteTestNG.java:251)
at org.testng.remote.RemoteTestNG.main(RemoteTestNG.java:77)
]]>
            </full-stacktrace>
          </exception> <!-- java.lang.AssertionError -->
          <reporter-output>
          </reporter-output>
        </test-method> <!-- TC_29 -->
      </class> <!-- automation.testing.AutomatedTests -->
    </test> <!-- Resgression Testing -->
    <test started-at="2021-04-03T17:35:59 IST" name="Somke Testing" finished-at="2021-04-03T17:36:28 IST" duration-ms="29018">
      <class name="automation.testing.AutomatedTests">
        <test-method is-config="true" signature="launchBrowser()[pri:0, instance:automation.testing.AutomatedTests@693fe6c9]" started-at="2021-04-03T17:32:42 IST" name="launchBrowser" finished-at="2021-04-03T17:32:54 IST" duration-ms="12074" status="PASS">
          <reporter-output>
          </reporter-output>
        </test-method> <!-- launchBrowser -->
        <test-method signature="TC_03()[pri:2, instance:automation.testing.AutomatedTests@693fe6c9]" started-at="2021-04-03T17:35:59 IST" name="TC_03" finished-at="2021-04-03T17:36:03 IST" duration-ms="4190" status="PASS">
          <reporter-output>
          </reporter-output>
        </test-method> <!-- TC_03 -->
        <test-method signature="TC_09()[pri:8, instance:automation.testing.AutomatedTests@693fe6c9]" started-at="2021-04-03T17:36:03 IST" name="TC_09" finished-at="2021-04-03T17:36:08 IST" duration-ms="4924" status="PASS">
          <reporter-output>
          </reporter-output>
        </test-method> <!-- TC_09 -->
        <test-method signature="TC_11()[pri:10, instance:automation.testing.AutomatedTests@693fe6c9]" started-at="2021-04-03T17:36:08 IST" name="TC_11" finished-at="2021-04-03T17:36:10 IST" duration-ms="2568" status="PASS">
          <reporter-output>
          </reporter-output>
        </test-method> <!-- TC_11 -->
        <test-method signature="TC_14()[pri:13, instance:automation.testing.AutomatedTests@693fe6c9]" started-at="2021-04-03T17:36:10 IST" name="TC_14" finished-at="2021-04-03T17:36:15 IST" duration-ms="5166" status="PASS">
          <reporter-output>
          </reporter-output>
        </test-method> <!-- TC_14 -->
        <test-method signature="TC_18()[pri:17, instance:automation.testing.AutomatedTests@693fe6c9]" started-at="2021-04-03T17:36:15 IST" name="TC_18" finished-at="2021-04-03T17:36:28 IST" duration-ms="12158" status="PASS">
          <reporter-output>
          </reporter-output>
        </test-method> <!-- TC_18 -->
        <test-method is-config="true" signature="teardown()[pri:0, instance:automation.testing.AutomatedTests@693fe6c9]" started-at="2021-04-03T17:36:28 IST" name="teardown" finished-at="2021-04-03T17:36:29 IST" duration-ms="1201" status="PASS">
          <reporter-output>
          </reporter-output>
        </test-method> <!-- teardown -->
      </class> <!-- automation.testing.AutomatedTests -->
    </test> <!-- Somke Testing -->
  </suite> <!-- Suite -->
</testng-results>
